DEBUG:root:This message should go to the log file
DEBUG:root:This message should go to the log file
DEBUG:root:This message should go to the log file
DEBUG:root:This message should go to the log file
DEBUG:root:This message should go to the log file
DEBUG:root:
пїЅпїЅпїЅпїЅпїЅпїЅпїЅпїЅпїЅпїЅпїЅ пїЅпїЅпїЅпїЅпїЅпїЅпїЅпїЅпїЅпїЅ пїЅпїЅпїЅпїЅпїЅпїЅпїЅпїЅпїЅпїЅпїЅпїЅпїЅпїЅпїЅ пїЅпїЅпїЅ пїЅпїЅпїЅпїЅпїЅпїЅ пїЅпїЅпїЅпїЅпїЅпїЅпїЅ
пїЅ пїЅпїЅпїЅпїЅ. пїЅпїЅпїЅпїЅпїЅпїЅпїЅпїЅпїЅпїЅпїЅ пїЅпїЅпїЅпїЅпїЅпїЅпїЅ basicConfig() пїЅпїЅпїЅ пїЅпїЅпїЅпїЅпїЅпїЅпїЅпїЅпїЅ
пїЅпїЅпїЅпїЅпїЅпїЅпїЅпїЅпїЅпїЅпїЅ пїЅпїЅ пїЅпїЅпїЅпїЅпїЅпїЅпїЅпїЅпїЅ, пїЅпїЅпїЅпїЅпїЅ пїЅпїЅпїЅпїЅпїЅпїЅпїЅпїЅпїЅпїЅ пїЅпїЅпїЅпїЅпїЅпїЅпїЅпїЅпїЅ
пїЅпїЅпїЅпїЅпїЅпїЅпїЅпїЅпїЅпїЅпїЅпїЅ пїЅ пїЅпїЅпїЅпїЅ.

    :param message:
:return: LOG_FILENAME
    
DEBUG:root:
Большинство приложений конфигурируются для записи журнала
в файл. Используйте функцию basicConfig() для установки
обработчика по умолчанию, чтобы отладочные сообщения
записывались в файл.

    :param message:
:return: LOG_FILENAME
    
DEBUG:root:
Большинство приложений конфигурируются для записи журнала
в файл. Используйте функцию basicConfig() для установки
обработчика по умолчанию, чтобы отладочные сообщения
записывались в файл.

    :param message:
:return: LOG_FILENAME
    
